C51 COMPILER V9.60.0.0   MAIN                                                              10/22/2022 15:27:36 PAGE 1   


C51 COMPILER V9.60.0.0, COMPILATION OF MODULE MAIN
OBJECT MODULE PLACED IN .\Objects\main.obj
COMPILER INVOKED BY: D:\soft\Keil5\C51\BIN\C51.EXE main.c OPTIMIZE(8,SPEED) BROWSE DEBUG OBJECTEXTEND PRINT(.\Listings\m
                    -ain.lst) OBJECT(.\Objects\main.obj)

line level    source

   1          #include<reg51.h>
   2          #include<uart.h>
   3          
   4          typedef unsigned int u16;         //对数据类型进行声明定义
   5          typedef unsigned char u8;
   6          
   7          
   8          void main()
   9          {
  10   1              //1.串口初始化  9600bps  串口方式1
  11   1              TMOD=0X20;
  12   1              TH1=0XFD;
  13   1              TL1=0xFD;
  14   1              TR1=0XFD;
  15   1              SCON=0X40;
  16   1              
  17   1               
  18   1              //2.发送数据
  19   1              SendStr("name");
  20   1      }


MODULE INFORMATION:   STATIC OVERLAYABLE
   CODE SIZE        =     23    ----
   CONSTANT SIZE    =      5    ----
   XDATA SIZE       =   ----    ----
   PDATA SIZE       =   ----    ----
   DATA SIZE        =   ----    ----
   IDATA SIZE       =   ----    ----
   BIT SIZE         =   ----    ----
END OF MODULE INFORMATION.


C51 COMPILATION COMPLETE.  0 WARNING(S),  0 ERROR(S)
