C51 COMPILER V9.60.0.0   MAIN                                                              09/27/2022 20:11:23 PAGE 1   


C51 COMPILER V9.60.0.0, COMPILATION OF MODULE MAIN
OBJECT MODULE PLACED IN .\Objects\main.obj
COMPILER INVOKED BY: D:\soft\Keil5\C51\BIN\C51.EXE main.c OPTIMIZE(8,SPEED) BROWSE DEBUG OBJECTEXTEND PRINT(.\Listings\m
                    -ain.lst) OBJECT(.\Objects\main.obj)

line level    source

   1          #include"reg51.h"
   2          
   3          sbit LED0=P2^0;
   4          
   5          void delay(unsigned int n)
   6          {
   7   1              unsigned i=0,j=0;
   8   1              for(i=0;i<n;i++)
   9   1              {
  10   2                      for(j=0;j<120;j++)
  11   2                      ;
  12   2              }
  13   1      }
  14          
  15          //共阳极
  16          void led1()
  17          {
  18   1              int i=0;
  19   1              for(i=0;i<8;i++)
  20   1              {
  21   2                      P2=~(0x01<<i);//0000 0001 ->0000 0010 ->0000 0100
  22   2                      delay(50);
  23   2              }
  24   1              
  25   1      }
  26          
  27          
  28          //共阴极
  29          void led2()
  30          {
  31   1              int i=0;
  32   1              for(i=0;i<8;i++)
  33   1              {
  34   2                      P1=(0x01<<i);
  35   2                      delay(50);
  36   2              }
  37   1      }       
  38          
  39          void main()
  40          {
  41   1              while(1)
  42   1              {
  43   2                      led1();
  44   2                      led2();
  45   2      //              LED0=0;
  46   2      //              delay(5);
  47   2      //              LED0=1;
  48   2      //              delay(5);
  49   2              }
  50   1      }


MODULE INFORMATION:   STATIC OVERLAYABLE
   CODE SIZE        =    115    ----
C51 COMPILER V9.60.0.0   MAIN                                                              09/27/2022 20:11:23 PAGE 2   

   CONSTANT SIZE    =   ----    ----
   XDATA SIZE       =   ----    ----
   PDATA SIZE       =   ----    ----
   DATA SIZE        =   ----    ----
   IDATA SIZE       =   ----    ----
   BIT SIZE         =   ----    ----
END OF MODULE INFORMATION.


C51 COMPILATION COMPLETE.  0 WARNING(S),  0 ERROR(S)
