C51 COMPILER V9.60.0.0   MAIN                                                              10/27/2022 15:13:09 PAGE 1   


C51 COMPILER V9.60.0.0, COMPILATION OF MODULE MAIN
OBJECT MODULE PLACED IN .\Objects\main.obj
COMPILER INVOKED BY: D:\soft\Keil5\C51\BIN\C51.EXE main.c OPTIMIZE(8,SPEED) BROWSE DEBUG OBJECTEXTEND PRINT(.\Listings\m
                    -ain.lst) OBJECT(.\Objects\main.obj)

line level    source

   1          #include<reg52.h>
   2          #include<delay.h>
   3          #include<18b20.h>
   4          #include<1602.h>
   5          
   6          
   7          //主程序
   8          void main()
   9          {
  10   1              LCD_Init();//LCD初始化
  11   1              Init_time();
*** WARNING C206 IN LINE 11 OF main.c: 'Init_time': missing function-prototype
  12   1              Init_DS18B20();//DS18B20初始化
  13   1              while(1)
  14   1              {
  15   2              if(s1==0||s1[num]>=1)
*** ERROR C202 IN LINE 15 OF main.c: 's1': undefined identifier
  16   2              {
  17   3                      keyscan();
  18   3                      TR0 = 0;
  19   3                      D1 = 1;
  20   3                      D2 = 1;
  21   3              }//按键扫描
  22   2              else
  23   2              {
  24   3                      
  25   3                      ReadTemperature();//读取温度值
  26   3                      write_temp_value(0,temp_value);//LCD显示温度值
  27   3                      comp();
  28   3              }
  29   2              }
  30   1      }

C51 COMPILATION COMPLETE.  1 WARNING(S),  1 ERROR(S)
