C51 COMPILER V9.60.0.0   MAIN                                                              10/22/2022 19:39:26 PAGE 1   


C51 COMPILER V9.60.0.0, COMPILATION OF MODULE MAIN
OBJECT MODULE PLACED IN .\Objects\main.obj
COMPILER INVOKED BY: D:\soft\Keil5\C51\BIN\C51.EXE main.c OPTIMIZE(8,SPEED) BROWSE DEBUG OBJECTEXTEND PRINT(.\Listings\m
                    -ain.lst) OBJECT(.\Objects\main.obj)

line level    source

   1          #include"reg51.h"
   2          
   3          unsigned char s[]={0x3f,0x06,0x5b,0x4f,0x66,0x6d,0x7d,0x07,0x7f,0x6f};
   4          
   5          void delay(unsigned int n)
   6          {
   7   1              unsigned int i=0,j=0;
   8   1              for(i=0;i<n;i++)
   9   1              {
  10   2                      for(j=0;j<120;j++)
  11   2                      ;
  12   2              }       
  13   1      }
  14          
  15          void seg()
  16          {
  17   1              unsigned int i=0;
  18   1              for(i=0;i<10;i++)
  19   1              {
  20   2                      P2=s[i];
  21   2                      delay(300);
  22   2              }
  23   1      }       
  24          
  25          void main()
  26          {
  27   1              while(1)
  28   1              {
  29   2                      seg();
  30   2              }       
  31   1      }


MODULE INFORMATION:   STATIC OVERLAYABLE
   CODE SIZE        =     68    ----
   CONSTANT SIZE    =   ----    ----
   XDATA SIZE       =   ----    ----
   PDATA SIZE       =   ----    ----
   DATA SIZE        =     10    ----
   IDATA SIZE       =   ----    ----
   BIT SIZE         =   ----    ----
END OF MODULE INFORMATION.


C51 COMPILATION COMPLETE.  0 WARNING(S),  0 ERROR(S)
