C51 COMPILER V7.06   MAIN                                                                  05/10/2022 14:48:39 PAGE 1   


C51 COMPILER V7.06, COMPILATION OF MODULE MAIN
OBJECT MODULE PLACED IN .\obj\main.obj
COMPILER INVOKED BY: G:\KEIL C51\C51\BIN\C51.EXE main.c BROWSE DEBUG OBJECTEXTEND PRINT(.\obj\main.lst) OBJECT(.\obj\mai
                    -n.obj)

stmt level    source

   1                #include <reg52.h>
   2                #include <uart.h>
   3                #include <delay.h>
   4                void DelayMs(unsigned char t);
   5                //发送可以不用中断，接收一般用中断
   6                void uart_init()
   7                { SCON=0x50;   //串口方式1  
   8   1              TMOD=0X20;  TH1=0x1D; TL1=0x1D;  TR1=1; //9600BPS
   9   1            }
  10               main()
  11               { //串口初始化
  12   1             char name[]={"name"};
  13   1             char i;
  14   1             uart_init();
  15   1             while(1)
  16   1             {
  17   2             SendStr(name); 
  18   2             for(i=0;i<5;i++) //发送周期1s
  19   2             DelayMs(250);
  20   2             }  
  21   1           }
  22               
  23               


MODULE INFORMATION:   STATIC OVERLAYABLE
   CODE SIZE        =     67    ----
   CONSTANT SIZE    =      5    ----
   XDATA SIZE       =   ----    ----
   PDATA SIZE       =   ----    ----
   DATA SIZE        =   ----       6
   IDATA SIZE       =   ----    ----
   BIT SIZE         =   ----    ----
END OF MODULE INFORMATION.


C51 COMPILATION COMPLETE.  0 WARNING(S),  0 ERROR(S)
