C51 COMPILER V9.60.0.0   MAIN                                                              10/22/2022 19:51:04 PAGE 1   


C51 COMPILER V9.60.0.0, COMPILATION OF MODULE MAIN
OBJECT MODULE PLACED IN .\Objects\main.obj
COMPILER INVOKED BY: D:\soft\Keil5\C51\BIN\C51.EXE main.c OPTIMIZE(8,SPEED) BROWSE DEBUG OBJECTEXTEND PRINT(.\Listings\m
                    -ain.lst) OBJECT(.\Objects\main.obj)

line level    source

   1          #include"reg51.h"
   2          
   3          unsigned char str[]={0x76,0x79,0x38,0x38,0x3f};
   4          unsigned char wei[]={0x01,0x02,0x04,0x08,0x10,0x20,0x40,0x80};
   5          
   6          void delay(unsigned int n)
   7          {
   8   1              unsigned int i=0,j=0;
   9   1              for(i=0;i<n;i++)
  10   1              {
  11   2                      for(j=0;j<120;j++)
  12   2                      ;
  13   2              }       
  14   1      }
  15          
  16          void seg()
  17          {
  18   1              unsigned int i=0;
  19   1              for(i=0;i<5;i++)
  20   1              {
  21   2                      P3=~wei[i];
  22   2                      P2=str[i];
  23   2                      delay(5);
  24   2              }
  25   1      }       
  26          
  27          void main()
  28          {
  29   1              while(1)
  30   1              {
  31   2                      seg();
  32   2              }       
  33   1      }


MODULE INFORMATION:   STATIC OVERLAYABLE
   CODE SIZE        =     78    ----
   CONSTANT SIZE    =   ----    ----
   XDATA SIZE       =   ----    ----
   PDATA SIZE       =   ----    ----
   DATA SIZE        =     13    ----
   IDATA SIZE       =   ----    ----
   BIT SIZE         =   ----    ----
END OF MODULE INFORMATION.


C51 COMPILATION COMPLETE.  0 WARNING(S),  0 ERROR(S)
