C51 COMPILER V9.60.0.0   MAIN                                                              09/28/2022 12:23:59 PAGE 1   


C51 COMPILER V9.60.0.0, COMPILATION OF MODULE MAIN
OBJECT MODULE PLACED IN .\Objects\main.obj
COMPILER INVOKED BY: D:\soft\Keil5\C51\BIN\C51.EXE main.c OPTIMIZE(8,SPEED) BROWSE DEBUG OBJECTEXTEND PRINT(.\Listings\m
                    -ain.lst) OBJECT(.\Objects\main.obj)

line level    source

   1          #include"reg51.h"
   2          
   3          unsigned char s[]={0x3f,0x06,0x58,0x4f,0x66,0x6d,0x7d,0x07,0x7f,0x6f};//共阴极0至9
   4          unsigned char count=0,num=0;
   5          
   6          void display()
   7          {
   8   1              P2=s[num];
   9   1              if(num==10)
  10   1                      num=0;
  11   1      }
  12          
  13          
  14          void InitTime()
  15          {
  16   1              TMOD=0x01;//0000 0001
  17   1              TH0=(65536-50000)/256 ;//50ms=50000us,256=2^8,意味着初值移动8位,65536us
  18   1              TL0=(65536-50000)%256;
  19   1              ET0=1;//开启定时器的中断
  20   1              EA=1;//开启总中断
  21   1              TR0=1;//启动定时器0
  22   1              
  23   1      }
  24          
  25          
  26          void main()
  27          {
  28   1              InitTime();
  29   1              while(1)
  30   1              {
  31   2                      display();
  32   2              }
  33   1      }
  34          
  35          //0表示外部中断，1表示定时器中断0,2表示外部中断1,3表示定时中断1,4表示串口中断
  36          void time_isr() interrupt 1
  37          {
  38   1              TH0=(65536-50000)/256 ;//50ms=50000us,256=2^8,意味着初值移动8位,65536us--->>>1s(50ms*20)
  39   1              TL0=(65536-50000)%256;
  40   1              count++;
  41   1              if(count==20)
  42   1              {
  43   2                      num++;
  44   2                      count=0;
  45   2              }
  46   1      }
  47          
  48          
  49          


MODULE INFORMATION:   STATIC OVERLAYABLE
   CODE SIZE        =     64    ----
   CONSTANT SIZE    =   ----    ----
C51 COMPILER V9.60.0.0   MAIN                                                              09/28/2022 12:23:59 PAGE 2   

   XDATA SIZE       =   ----    ----
   PDATA SIZE       =   ----    ----
   DATA SIZE        =     12    ----
   IDATA SIZE       =   ----    ----
   BIT SIZE         =   ----    ----
END OF MODULE INFORMATION.


C51 COMPILATION COMPLETE.  0 WARNING(S),  0 ERROR(S)
