C51 COMPILER V9.60.0.0   MAIN                                                              09/28/2022 13:00:32 PAGE 1   


C51 COMPILER V9.60.0.0, COMPILATION OF MODULE MAIN
OBJECT MODULE PLACED IN .\Objects\main.obj
COMPILER INVOKED BY: D:\soft\Keil5\C51\BIN\C51.EXE main.c OPTIMIZE(8,SPEED) BROWSE DEBUG OBJECTEXTEND PRINT(.\Listings\m
                    -ain.lst) OBJECT(.\Objects\main.obj)

line level    source

   1          #include"reg51.h"
   2          
   3          unsigned char s[]={0x3f,0x06,0x5B,0x4f,0x66,0x6d,0x7d,0x07,0x7f,0x6f};//¹²Òõ¼«0ÖÁ9
   4          unsigned char num=0;
   5          
   6          void initcounter()
   7          {
   8   1              TMOD=0x06;//0000 0110
   9   1              TH0=256-3;
  10   1              TL0=256-3;
  11   1              ET0=1;
  12   1              EA=1;
  13   1              TR0=1;
  14   1      }
  15          
  16          void display()
  17          {
  18   1              P2=s[num];
  19   1              if(num==10)
  20   1              {
  21   2                      num=0;
  22   2              }
  23   1      }
  24          void main()
  25          {
  26   1              initcounter();
  27   1              while(1)
  28   1              {
  29   2                      display();
  30   2              }
  31   1      }
  32          
  33          void counter_isr() interrupt 1
  34          {
  35   1              num++;
  36   1      }


MODULE INFORMATION:   STATIC OVERLAYABLE
   CODE SIZE        =     44    ----
   CONSTANT SIZE    =   ----    ----
   XDATA SIZE       =   ----    ----
   PDATA SIZE       =   ----    ----
   DATA SIZE        =     11    ----
   IDATA SIZE       =   ----    ----
   BIT SIZE         =   ----    ----
END OF MODULE INFORMATION.


C51 COMPILATION COMPLETE.  0 WARNING(S),  0 ERROR(S)
