C51 COMPILER V9.60.0.0   MAIN                                                              10/22/2022 18:20:28 PAGE 1   


C51 COMPILER V9.60.0.0, COMPILATION OF MODULE MAIN
OBJECT MODULE PLACED IN .\Objects\main.obj
COMPILER INVOKED BY: D:\soft\Keil5\C51\BIN\C51.EXE main.c OPTIMIZE(8,SPEED) BROWSE DEBUG OBJECTEXTEND PRINT(.\Listings\m
                    -ain.lst) OBJECT(.\Objects\main.obj)

line level    source

   1          #include"reg51.h"
   2          
   3          unsigned char leddata[]={0X01,0X02,0X04,0X08,0X10,0X20,0X40,0x80};
   4          
   5          
   6          void delay(unsigned int n)
   7          {
   8   1              unsigned int i=0,j=0;
   9   1              for(i=0;i<n;i++)
  10   1              {
  11   2                      for(j=0;j<120;j++)
  12   2                      ;
  13   2              }
  14   1      }
  15          
  16          void led()
  17          {
  18   1              int i=0;
  19   1              for(i=0;i<8;i++)
  20   1              {
  21   2                      P2=~leddata[i];
  22   2                      delay(100);
  23   2              }
  24   1      }
  25                          
  26          
  27          void main()
  28          {
  29   1              while(1)
  30   1              {
  31   2                      led();
  32   2              }
  33   1      }


MODULE INFORMATION:   STATIC OVERLAYABLE
   CODE SIZE        =     69    ----
   CONSTANT SIZE    =   ----    ----
   XDATA SIZE       =   ----    ----
   PDATA SIZE       =   ----    ----
   DATA SIZE        =      8    ----
   IDATA SIZE       =   ----    ----
   BIT SIZE         =   ----    ----
END OF MODULE INFORMATION.


C51 COMPILATION COMPLETE.  0 WARNING(S),  0 ERROR(S)
