C51 COMPILER V9.60.0.0   MAN                                                               09/27/2022 23:58:50 PAGE 1   


C51 COMPILER V9.60.0.0, COMPILATION OF MODULE MAN
OBJECT MODULE PLACED IN .\Objects\man.obj
COMPILER INVOKED BY: D:\soft\Keil5\C51\BIN\C51.EXE man.c OPTIMIZE(8,SPEED) BROWSE DEBUG OBJECTEXTEND PRINT(.\Listings\ma
                    -n.lst) OBJECT(.\Objects\man.obj)

line level    source

   1          #include"reg51.h"
   2          
   3          unsigned char s[]={0x3f,0x06,0x58,0x4f,0x66,0x6d,0x7d,0x07,0x7f,0x6f};//共阴极0至9
   4          unsigned char num=99;
   5          
   6          void delay(unsigned int n)
   7          {
   8   1              unsigned int i=0,j=0;
   9   1              for(i=0;i<n;i++)
  10   1              {
  11   2                      for(j=0;j<120;j++)
  12   2                      ;
  13   2              }
  14   1      }
  15                  
  16          
  17          void key_scan()
  18          {
  19   1              unsigned char temp0=0,temp1=0,temp=0;
  20   1              P1=0xf0;
  21   1              if(P1!=0xf0)//检测按键是否被按下
  22   1              {
  23   2                      delay(20);
  24   2                      temp0=P1;
  25   2                      P1=0x0f;
  26   2                      if(P1!=0x0f)
  27   2                      {
  28   3                              temp1=P1;
  29   3                      }
  30   2              }
  31   1              temp=temp0+temp1;
  32   1              if(temp==0xee)
  33   1              {
  34   2                      num=0;
  35   2              }
  36   1              if(temp==0xed)
  37   1              {
  38   2                      num=1;
  39   2              }
  40   1      }
  41          
  42          void display()
  43          {
  44   1              P2=s[num];
  45   1      }
  46          void main()
  47          {
  48   1              while(1)
  49   1              {
  50   2                      key_scan();//检测按键
  51   2                      display();//显示
  52   2              }
  53   1      }

C51 COMPILER V9.60.0.0   MAN                                                               09/27/2022 23:58:50 PAGE 2   


MODULE INFORMATION:   STATIC OVERLAYABLE
   CODE SIZE        =    108    ----
   CONSTANT SIZE    =   ----    ----
   XDATA SIZE       =   ----    ----
   PDATA SIZE       =   ----    ----
   DATA SIZE        =     11       1
   IDATA SIZE       =   ----    ----
   BIT SIZE         =   ----    ----
END OF MODULE INFORMATION.


C51 COMPILATION COMPLETE.  0 WARNING(S),  0 ERROR(S)
