C51 COMPILER V9.60.0.0   MAIN                                                              11/06/2022 13:29:25 PAGE 1   


C51 COMPILER V9.60.0.0, COMPILATION OF MODULE MAIN
OBJECT MODULE PLACED IN .\Objects\main.obj
COMPILER INVOKED BY: D:\soft\Keil5\C51\BIN\C51.EXE main.c OPTIMIZE(8,SPEED) BROWSE DEBUG OBJECTEXTEND PRINT(.\Listings\m
                    -ain.lst) OBJECT(.\Objects\main.obj)

line level    source

   1          #include<reg51.h>
   2          #include<1602.h>
*** ERROR C231 IN LINE 13 OF D:\soft\Keil5\C51\Inc\reg52.h: 'P0': redefinition
*** ERROR C231 IN LINE 14 OF D:\soft\Keil5\C51\Inc\reg52.h: 'P1': redefinition
*** ERROR C231 IN LINE 15 OF D:\soft\Keil5\C51\Inc\reg52.h: 'P2': redefinition
*** ERROR C231 IN LINE 16 OF D:\soft\Keil5\C51\Inc\reg52.h: 'P3': redefinition
*** ERROR C231 IN LINE 17 OF D:\soft\Keil5\C51\Inc\reg52.h: 'PSW': redefinition
*** ERROR C231 IN LINE 18 OF D:\soft\Keil5\C51\Inc\reg52.h: 'ACC': redefinition
*** ERROR C231 IN LINE 19 OF D:\soft\Keil5\C51\Inc\reg52.h: 'B': redefinition
*** ERROR C231 IN LINE 20 OF D:\soft\Keil5\C51\Inc\reg52.h: 'SP': redefinition
*** ERROR C231 IN LINE 21 OF D:\soft\Keil5\C51\Inc\reg52.h: 'DPL': redefinition
*** ERROR C231 IN LINE 22 OF D:\soft\Keil5\C51\Inc\reg52.h: 'DPH': redefinition
*** ERROR C231 IN LINE 23 OF D:\soft\Keil5\C51\Inc\reg52.h: 'PCON': redefinition
*** ERROR C231 IN LINE 24 OF D:\soft\Keil5\C51\Inc\reg52.h: 'TCON': redefinition
*** ERROR C231 IN LINE 25 OF D:\soft\Keil5\C51\Inc\reg52.h: 'TMOD': redefinition
*** ERROR C231 IN LINE 26 OF D:\soft\Keil5\C51\Inc\reg52.h: 'TL0': redefinition
*** ERROR C231 IN LINE 27 OF D:\soft\Keil5\C51\Inc\reg52.h: 'TL1': redefinition
*** ERROR C231 IN LINE 28 OF D:\soft\Keil5\C51\Inc\reg52.h: 'TH0': redefinition
*** ERROR C231 IN LINE 29 OF D:\soft\Keil5\C51\Inc\reg52.h: 'TH1': redefinition
*** ERROR C231 IN LINE 30 OF D:\soft\Keil5\C51\Inc\reg52.h: 'IE': redefinition
*** ERROR C231 IN LINE 31 OF D:\soft\Keil5\C51\Inc\reg52.h: 'IP': redefinition
*** ERROR C231 IN LINE 32 OF D:\soft\Keil5\C51\Inc\reg52.h: 'SCON': redefinition
*** ERROR C231 IN LINE 33 OF D:\soft\Keil5\C51\Inc\reg52.h: 'SBUF': redefinition
*** ERROR C231 IN LINE 45 OF D:\soft\Keil5\C51\Inc\reg52.h: 'CY': redefinition
*** ERROR C231 IN LINE 46 OF D:\soft\Keil5\C51\Inc\reg52.h: 'AC': redefinition
*** ERROR C231 IN LINE 47 OF D:\soft\Keil5\C51\Inc\reg52.h: 'F0': redefinition
*** ERROR C231 IN LINE 48 OF D:\soft\Keil5\C51\Inc\reg52.h: 'RS1': redefinition
*** ERROR C231 IN LINE 49 OF D:\soft\Keil5\C51\Inc\reg52.h: 'RS0': redefinition
*** ERROR C231 IN LINE 50 OF D:\soft\Keil5\C51\Inc\reg52.h: 'OV': redefinition
*** ERROR C231 IN LINE 51 OF D:\soft\Keil5\C51\Inc\reg52.h: 'P': redefinition
*** ERROR C231 IN LINE 54 OF D:\soft\Keil5\C51\Inc\reg52.h: 'TF1': redefinition
*** ERROR C231 IN LINE 55 OF D:\soft\Keil5\C51\Inc\reg52.h: 'TR1': redefinition
*** ERROR C231 IN LINE 56 OF D:\soft\Keil5\C51\Inc\reg52.h: 'TF0': redefinition
*** ERROR C231 IN LINE 57 OF D:\soft\Keil5\C51\Inc\reg52.h: 'TR0': redefinition
*** ERROR C231 IN LINE 58 OF D:\soft\Keil5\C51\Inc\reg52.h: 'IE1': redefinition
*** ERROR C231 IN LINE 59 OF D:\soft\Keil5\C51\Inc\reg52.h: 'IT1': redefinition
*** ERROR C231 IN LINE 60 OF D:\soft\Keil5\C51\Inc\reg52.h: 'IE0': redefinition
*** ERROR C231 IN LINE 61 OF D:\soft\Keil5\C51\Inc\reg52.h: 'IT0': redefinition
*** ERROR C231 IN LINE 64 OF D:\soft\Keil5\C51\Inc\reg52.h: 'EA': redefinition
*** ERROR C231 IN LINE 66 OF D:\soft\Keil5\C51\Inc\reg52.h: 'ES': redefinition
*** ERROR C231 IN LINE 67 OF D:\soft\Keil5\C51\Inc\reg52.h: 'ET1': redefinition
*** ERROR C231 IN LINE 68 OF D:\soft\Keil5\C51\Inc\reg52.h: 'EX1': redefinition
*** ERROR C231 IN LINE 69 OF D:\soft\Keil5\C51\Inc\reg52.h: 'ET0': redefinition
*** ERROR C231 IN LINE 70 OF D:\soft\Keil5\C51\Inc\reg52.h: 'EX0': redefinition
*** ERROR C231 IN LINE 74 OF D:\soft\Keil5\C51\Inc\reg52.h: 'PS': redefinition
*** ERROR C231 IN LINE 75 OF D:\soft\Keil5\C51\Inc\reg52.h: 'PT1': redefinition
*** ERROR C231 IN LINE 76 OF D:\soft\Keil5\C51\Inc\reg52.h: 'PX1': redefinition
*** ERROR C231 IN LINE 77 OF D:\soft\Keil5\C51\Inc\reg52.h: 'PT0': redefinition
*** ERROR C231 IN LINE 78 OF D:\soft\Keil5\C51\Inc\reg52.h: 'PX0': redefinition
*** ERROR C231 IN LINE 81 OF D:\soft\Keil5\C51\Inc\reg52.h: 'RD': redefinition
*** ERROR C231 IN LINE 82 OF D:\soft\Keil5\C51\Inc\reg52.h: 'WR': redefinition
*** ERROR C231 IN LINE 83 OF D:\soft\Keil5\C51\Inc\reg52.h: 'T1': redefinition
*** ERROR C231 IN LINE 84 OF D:\soft\Keil5\C51\Inc\reg52.h: 'T0': redefinition
*** ERROR C231 IN LINE 85 OF D:\soft\Keil5\C51\Inc\reg52.h: 'INT1': redefinition
C51 COMPILER V9.60.0.0   MAIN                                                              11/06/2022 13:29:25 PAGE 2   

*** ERROR C231 IN LINE 86 OF D:\soft\Keil5\C51\Inc\reg52.h: 'INT0': redefinition
*** ERROR C231 IN LINE 87 OF D:\soft\Keil5\C51\Inc\reg52.h: 'TXD': redefinition
*** ERROR C231 IN LINE 88 OF D:\soft\Keil5\C51\Inc\reg52.h: 'RXD': redefinition
*** ERROR C231 IN LINE 91 OF D:\soft\Keil5\C51\Inc\reg52.h: 'SM0': redefinition
*** ERROR C231 IN LINE 92 OF D:\soft\Keil5\C51\Inc\reg52.h: 'SM1': redefinition
*** ERROR C231 IN LINE 93 OF D:\soft\Keil5\C51\Inc\reg52.h: 'SM2': redefinition
*** ERROR C231 IN LINE 94 OF D:\soft\Keil5\C51\Inc\reg52.h: 'REN': redefinition
*** ERROR C231 IN LINE 95 OF D:\soft\Keil5\C51\Inc\reg52.h: 'TB8': redefinition
*** ERROR C231 IN LINE 96 OF D:\soft\Keil5\C51\Inc\reg52.h: 'RB8': redefinition
*** ERROR C231 IN LINE 97 OF D:\soft\Keil5\C51\Inc\reg52.h: 'TI': redefinition
*** ERROR C231 IN LINE 98 OF D:\soft\Keil5\C51\Inc\reg52.h: 'RI': redefinition
   3          #include<delay.h>
   4          
   5          unsigned int temp=0;
   6          
   7          void main()
   8          {
   9   1              //1.串口初始化  9600bps  串口方式1
  10   1              TMOD=0X20;
  11   1              TH1=0XFD;
  12   1              TL1=0xFD;
  13   1              TR1=0XFD;
  14   1              SCON=0X50;
  15   1              REN=1;
  16   1              //接收数据时，需要用串口中断
  17   1              ES=1;
  18   1              EA=1;
  19   1               
  20   1              //2.LCD初始化
  21   1              LCD_Init();
  22   1              
  23   1              //3.等待串口接收数据并显示
  24   1              while(1);
  25   1      }
  26          void serial() interrupt 4
  27          {
  28   1              if(RI)//接收数据
  29   1              {
  30   2                      temp=SBUF;
  31   2                      RI=0;
  32   2              }
  33   1              LCD_Write_Char(0,0,temp);//显示 
  34   1      }

C51 COMPILATION COMPLETE.  0 WARNING(S),  63 ERROR(S)
