C51 COMPILER V9.60.0.0   UART                                                              11/06/2022 13:29:26 PAGE 1   


C51 COMPILER V9.60.0.0, COMPILATION OF MODULE UART
OBJECT MODULE PLACED IN .\Objects\uart.obj
COMPILER INVOKED BY: D:\soft\Keil5\C51\BIN\C51.EXE uart.c OPTIMIZE(8,SPEED) BROWSE DEBUG OBJECTEXTEND PRINT(.\Listings\u
                    -art.lst) OBJECT(.\Objects\uart.obj)

line level    source

   1          #include<reg52.h>
   2          #include"uart.h"
   3          /*------------------------------------------------
   4                              发送一个字节
   5          ------------------------------------------------*/
   6          void SendByte(unsigned char dat)
   7          {
   8   1       SBUF = dat;
   9   1       while(!TI);
  10   1            TI = 0;
  11   1      }
  12          void SendStr(unsigned char *s)
  13          {
  14   1       while(*s!='\0')// \0 表示字符串结束标志，
  15   1                      //通过检测是否字符串末尾
  16   1        {
  17   2        SendByte(*s);
  18   2        s++;
  19   2        }
  20   1      }


MODULE INFORMATION:   STATIC OVERLAYABLE
   CODE SIZE        =     27    ----
   CONSTANT SIZE    =   ----    ----
   XDATA SIZE       =   ----    ----
   PDATA SIZE       =   ----    ----
   DATA SIZE        =   ----    ----
   IDATA SIZE       =   ----    ----
   BIT SIZE         =   ----    ----
END OF MODULE INFORMATION.


C51 COMPILATION COMPLETE.  0 WARNING(S),  0 ERROR(S)
