C51 COMPILER V9.60.0.0   MAIN                                                              09/27/2022 23:00:14 PAGE 1   


C51 COMPILER V9.60.0.0, COMPILATION OF MODULE MAIN
OBJECT MODULE PLACED IN .\Objects\main.obj
COMPILER INVOKED BY: D:\soft\Keil5\C51\BIN\C51.EXE main.c OPTIMIZE(8,SPEED) BROWSE DEBUG OBJECTEXTEND PRINT(.\Listings\m
                    -ain.lst) OBJECT(.\Objects\main.obj)

line level    source

   1          #include"reg51.h"//reg寄存器，51---51单片机
   2          
   3          sbit key0=P1^0;
   4          
   5          unsigned char s[]={0x3f,0x06,0x58,0x4f,0x66,0x6d,0x7d,0x07,0x7f,0x6f};//共阴极0至9
   6          
   7          unsigned char num=0,flag=0;
   8          
   9          void delay(unsigned int n)
  10          {
  11   1              unsigned int i=0,j=0;
  12   1              for(i=0;i<n;i++)
  13   1              {
  14   2                      for(j=0;j<120;j++)
  15   2                      ;
  16   2              }
  17   1      }
  18          void key()
  19          {
  20   1              
  21   1              
  22   1      //      if(key0==0)
  23   1      //      {
  24   1      //              delay(200);
  25   1      //              if(key0==0)
  26   1      //              num++;
  27   1      //      }
  28   1              if(key0==0&&flag==0)
  29   1              {
  30   2                      flag=1;
  31   2              }
  32   1              if(flag==1&&key0==1)
  33   1              {
  34   2                      num++;
  35   2                      flag=0;
  36   2              }
  37   1      }
  38                  
  39          void seg()
  40          {
  41   1              P2=s[num];      
  42   1              if(num==10)
  43   1              {
  44   2                      num=0;
  45   2              }
  46   1      }
  47          
  48          
  49          void main()
  50          {
  51   1              while(1)
  52   1              {
  53   2                      key();
  54   2                      seg();
C51 COMPILER V9.60.0.0   MAIN                                                              09/27/2022 23:00:14 PAGE 2   

  55   2              }
  56   1      }


MODULE INFORMATION:   STATIC OVERLAYABLE
   CODE SIZE        =     81    ----
   CONSTANT SIZE    =   ----    ----
   XDATA SIZE       =   ----    ----
   PDATA SIZE       =   ----    ----
   DATA SIZE        =     12    ----
   IDATA SIZE       =   ----    ----
   BIT SIZE         =   ----    ----
END OF MODULE INFORMATION.


C51 COMPILATION COMPLETE.  0 WARNING(S),  0 ERROR(S)
