C51 COMPILER V9.60.0.0   18B20                                                             11/06/2022 14:05:33 PAGE 1   


C51 COMPILER V9.60.0.0, COMPILATION OF MODULE 18B20
OBJECT MODULE PLACED IN 18b20.OBJ
COMPILER INVOKED BY: D:\soft\Keil5\C51\BIN\C51.EXE 18b20.c OPTIMIZE(8,SPEED) BROWSE DEBUG OBJECTEXTEND

line level    source

   1          /*-----------------------------------------------
   2            名称：18B20温度传感器
   3            日期：2017.11
   4            内容：18B20单线温度检测的应用样例程序
   5          ------------------------------------------------*/
   6          #include"delay.h"
   7          #include"18b20.h"
   8          /*------------------------------------------------
   9                              18b20初始化
  10          ------------------------------------------------*/
  11          bit Init_DS18B20(void)
  12          {
  13   1       bit dat=0;
  14   1       DQ = 1;    //DQ复位
  15   1       DelayUs2x(5);   //稍做延时
  16   1       DQ = 0;         //单片机将DQ拉低
  17   1       DelayUs2x(200); //精确延时 大于 480us 小于960us
  18   1       DelayUs2x(200);
  19   1       DQ = 1;        //拉高总线
  20   1       DelayUs2x(50); //15~60us 后 接收60-240us的存在脉冲
  21   1       dat=DQ;        //如果x=0则初始化成功, x=1则初始化失败
  22   1       DelayUs2x(25); //稍作延时返回
  23   1       return dat;
  24   1      }
  25          
  26          /*------------------------------------------------
  27                              读取一个字节
  28          ------------------------------------------------*/
  29          unsigned char ReadOneChar(void)
  30          {
  31   1      unsigned char i=0;
  32   1      unsigned char dat = 0;
  33   1      for (i=8;i>0;i--)
  34   1       {
  35   2        DQ = 0; // 给脉冲信号
  36   2        dat>>=1;
  37   2        DQ = 1; // 给脉冲信号
  38   2        if(DQ)
  39   2         dat|=0x80;
  40   2        DelayUs2x(25);
  41   2       }
  42   1       return(dat);
  43   1      }
  44          /*------------------------------------------------
  45                              写入一个字节
  46          ------------------------------------------------*/
  47          void WriteOneChar(unsigned char dat)
  48          {
  49   1       unsigned char i=0;
  50   1       for (i=8; i>0; i--)
  51   1       {
  52   2        DQ = 0;
  53   2        DQ = dat&0x01;
  54   2        DelayUs2x(25);
  55   2        DQ = 1;
C51 COMPILER V9.60.0.0   18B20                                                             11/06/2022 14:05:33 PAGE 2   

  56   2        dat>>=1;
  57   2       }
  58   1      DelayUs2x(25);
  59   1      }
  60          
  61          /*------------------------------------------------
  62                              读取温度
  63          ------------------------------------------------*/
  64          unsigned int ReadTemperature(void)
  65          {
  66   1      unsigned char a=0;
  67   1      unsigned int b=0;
  68   1      unsigned int t=0;
  69   1      Init_DS18B20();
  70   1      WriteOneChar(0xCC); // 跳过读序号列号的操作
  71   1      WriteOneChar(0x44); // 启动温度转换
  72   1      DelayMs(10);
  73   1      Init_DS18B20();
  74   1      WriteOneChar(0xCC); //跳过读序号列号的操作 
  75   1      WriteOneChar(0xBE); //读取温度寄存器等（共可读9个寄存器） 前两个就是温度
  76   1      a=ReadOneChar();   //低位
  77   1      b=ReadOneChar();   //高位
  78   1      
  79   1      b<<=8;
  80   1      t=a+b;
  81   1      
  82   1      
  83   1      return(t);
  84   1      }


MODULE INFORMATION:   STATIC OVERLAYABLE
   CODE SIZE        =    194    ----
   CONSTANT SIZE    =   ----    ----
   XDATA SIZE       =   ----    ----
   PDATA SIZE       =   ----    ----
   DATA SIZE        =   ----       5
   IDATA SIZE       =   ----    ----
   BIT SIZE         =   ----       1
END OF MODULE INFORMATION.


C51 COMPILATION COMPLETE.  0 WARNING(S),  0 ERROR(S)
