C51 COMPILER V9.60.0.0   MAIN                                                              10/22/2022 18:10:41 PAGE 1   


C51 COMPILER V9.60.0.0, COMPILATION OF MODULE MAIN
OBJECT MODULE PLACED IN .\Objects\main.obj
COMPILER INVOKED BY: D:\soft\Keil5\C51\BIN\C51.EXE main.c OPTIMIZE(8,SPEED) BROWSE DEBUG OBJECTEXTEND PRINT(.\Listings\m
                    -ain.lst) OBJECT(.\Objects\main.obj)

line level    source

   1          #include"reg51.h"
   2          
   3          sbit LED0=P2^0;
   4          
   5          void delay(unsigned int n)
   6          {
   7   1              unsigned int i=0,j=0;
   8   1              for(i=0;i<n;i++)
   9   1              {
  10   2                      for(j=0;j<120;j++)
  11   2                      ;
  12   2              }
  13   1      }
  14          
  15          void led()
  16          {
  17   1              int i=0;
  18   1              for(i=0;i<8;i++)
  19   1              {
  20   2                      P1=(0X01<<i);//0000 0001 ->>0000 0010
  21   2                      delay(50);
  22   2              }
  23   1      }
  24                          
  25          
  26          void main()
  27          {
  28   1              while(1)
  29   1              {
  30   2                      led();
  31   2              }
  32   1      }


MODULE INFORMATION:   STATIC OVERLAYABLE
   CODE SIZE        =     74    ----
   CONSTANT SIZE    =   ----    ----
   XDATA SIZE       =   ----    ----
   PDATA SIZE       =   ----    ----
   DATA SIZE        =   ----    ----
   IDATA SIZE       =   ----    ----
   BIT SIZE         =   ----    ----
END OF MODULE INFORMATION.


C51 COMPILATION COMPLETE.  0 WARNING(S),  0 ERROR(S)
