C51 COMPILER V9.60.0.0   MAIN                                                              09/27/2022 10:44:17 PAGE 1   


C51 COMPILER V9.60.0.0, COMPILATION OF MODULE MAIN
OBJECT MODULE PLACED IN .\Objects\main.obj
COMPILER INVOKED BY: D:\soft\Keil5\C51\BIN\C51.EXE main.c OPTIMIZE(8,SPEED) BROWSE DEBUG OBJECTEXTEND PRINT(.\Listings\m
                    -ain.lst) OBJECT(.\Objects\main.obj)

line level    source

   1          #include"REG51.h"
   2          
   3          sbit key1=p1^6;
*** ERROR C202 IN LINE 3 OF main.c: 'p1': undefined identifier
   4          sbit key2=p1^7;
*** ERROR C202 IN LINE 4 OF main.c: 'p1': undefined identifier
   5          sbit LED=p1^0;
*** ERROR C202 IN LINE 5 OF main.c: 'p1': undefined identifier
   6          
   7          //void delay(unsigned int t)
   8          //{
   9          //      unsigned char i=0;
  10          //      for(;t>0;t--)
  11          //      {
  12          //              for(i=100;i>0;i--);
  13          //      }
  14          //}
  15          
  16          void main(void)
  17          {
  18   1              unsigned char i,j;
  19   1              P0=0x55;
  20   1      
  21   1              while(1)
  22   1              {
  23   2                      i=P3;
  24   2                      P2 = ~i;
  25   2                      j=key1;
*** ERROR C202 IN LINE 25 OF main.c: 'key1': undefined identifier
  26   2                      LED=j;
*** ERROR C202 IN LINE 26 OF main.c: 'LED': undefined identifier
  27   2              }
  28   1              
  29   1      }

C51 COMPILATION COMPLETE.  0 WARNING(S),  5 ERROR(S)
