C51 COMPILER V9.60.0.0   MAIN                                                              11/14/2022 14:47:29 PAGE 1   


C51 COMPILER V9.60.0.0, COMPILATION OF MODULE MAIN
OBJECT MODULE PLACED IN .\Objects\main.obj
COMPILER INVOKED BY: D:\soft\Keil5\C51\BIN\C51.EXE main.c OPTIMIZE(8,SPEED) BROWSE DEBUG OBJECTEXTEND PRINT(.\Listings\m
                    -ain.lst) OBJECT(.\Objects\main.obj)

line level    source

   1          #include<reg51.h>
   2          #define uchar unsigned char
   3          #define uint unsigned int
   4          #define OUT P2
   5          
   6          sbit pos = P1^0;                                                
   7          sbit neg = P1^1;                                        
   8                  
   9          
  10          
  11          uint TIME;
  12          
  13          uchar code turn[] = {0x02,0x06,0x04,0x0c,0x08,0x09,0x01,0x03};                  //步进电机脉冲组
  14          
  15          void main()
  16          {
  17   1        uchar a;
  18   1              
  19   1        OUT = 0x03;
  20   1      
  21   1              TMOD = 0x01;        
  22   1        TH0 = 0x3c;                 
  23   1        TL0 = 0xb0;             
  24   1        EA = 1;                                                                                                                         
  25   1        ET0 = 1;                     
  26   1        TR0 = 1;                      
  27   1      
  28   1              
  29   1              while(1)
  30   1              {
  31   2                      if (pos&&neg) TIME=0;                   
  32   2                      if (!pos)               
  33   2                      {
  34   3                              if (TIME==2)
  35   3                              {
  36   4                                                              
  37   4                                      a = a<8?a+1:0;
  38   4                                      OUT = turn[a];
  39   4                                      TIME = 0;
  40   4                              }
  41   3                      }
  42   2                                      
  43   2                      if (!neg)                                       
  44   2                      {
  45   3                              if (TIME==2)
  46   3                              {
  47   4                                                              
  48   4                                      a = a>0?a-1:7;
  49   4                                      OUT = turn[a];
  50   4                                      TIME = 0;
  51   4                              }
  52   3                                      
  53   3                      }
  54   2              
C51 COMPILER V9.60.0.0   MAIN                                                              11/14/2022 14:47:29 PAGE 2   

  55   2         }                                    
  56   1      }
  57          
  58          
  59          void timer()interrupt 1  //T0中断程序
  60          {
  61   1         TH0=0x3c;                             //重新赋值--循环一次时间为5ms
  62   1         TL0=0xb0;
  63   1         TIME++;                                       //循环次数加一
  64   1      }
  65          


MODULE INFORMATION:   STATIC OVERLAYABLE
   CODE SIZE        =    134    ----
   CONSTANT SIZE    =      8    ----
   XDATA SIZE       =   ----    ----
   PDATA SIZE       =   ----    ----
   DATA SIZE        =      2    ----
   IDATA SIZE       =   ----    ----
   BIT SIZE         =   ----    ----
END OF MODULE INFORMATION.


C51 COMPILATION COMPLETE.  0 WARNING(S),  0 ERROR(S)
