C51 COMPILER V9.60.0.0   MAIN                                                              09/28/2022 13:27:45 PAGE 1   


C51 COMPILER V9.60.0.0, COMPILATION OF MODULE MAIN
OBJECT MODULE PLACED IN .\Objects\main.obj
COMPILER INVOKED BY: D:\soft\Keil5\C51\BIN\C51.EXE main.c OPTIMIZE(8,SPEED) BROWSE DEBUG OBJECTEXTEND PRINT(.\Listings\m
                    -ain.lst) OBJECT(.\Objects\main.obj)

line level    source

   1          #include"reg51.h"
   2          
   3          sbit ex=P3^2;
   4          
   5          unsigned char s[]={0x3f,0x06,0x5B,0x4f,0x66,0x6d,0x7d,0x07,0x7f,0x6f};//¹²Òõ¼«0ÖÁ9
   6          unsigned char num=0;
   7          
   8          void initex()
   9          {
  10   1              IT0=1;
  11   1              EX0=1;
  12   1              EA=1;
  13   1              ex=1;
  14   1      }
  15          
  16          void display()
  17          {
  18   1              P2=s[num];
  19   1              if(num==10)
  20   1                      num=0;
  21   1      }
  22          
  23          void main()
  24          {
  25   1              initex();
  26   1              while(1)
  27   1              {
  28   2                      display();
  29   2              }       
  30   1      }
  31          
  32          void ex_isr() interrupt 0
  33          {
  34   1              num++;
  35   1      }


MODULE INFORMATION:   STATIC OVERLAYABLE
   CODE SIZE        =     37    ----
   CONSTANT SIZE    =   ----    ----
   XDATA SIZE       =   ----    ----
   PDATA SIZE       =   ----    ----
   DATA SIZE        =     11    ----
   IDATA SIZE       =   ----    ----
   BIT SIZE         =   ----    ----
END OF MODULE INFORMATION.


C51 COMPILATION COMPLETE.  0 WARNING(S),  0 ERROR(S)
