C51 COMPILER V9.60.0.0   MAIN                                                              09/27/2022 09:30:38 PAGE 1   


C51 COMPILER V9.60.0.0, COMPILATION OF MODULE MAIN
OBJECT MODULE PLACED IN .\Objects\main.obj
COMPILER INVOKED BY: D:\soft\Keil5\C51\BIN\C51.EXE main.c OPTIMIZE(8,SPEED) BROWSE DEBUG OBJECTEXTEND PRINT(.\Listings\m
                    -ain.lst) OBJECT(.\Objects\main.obj)

line level    source

   1          #include"REG51.h"
   2          
   3          void delay(unsigned int t)
   4          {
   5   1              unsigned char i;
   6   1              for(;t>0;t--)
   7   1              {
   8   2                      for(i=100;i>0;i--);
   9   2              }
  10   1      }
  11                  
  12          void main(void)
  13          {
  14   1              p1=0x55;
*** ERROR C202 IN LINE 14 OF main.c: 'p1': undefined identifier
  15   1              p1=0xFE;
*** ERROR C202 IN LINE 15 OF main.c: 'p1': undefined identifier
  16   1              
  17   1              
  18   1              unsigned char i;
*** ERROR C141 IN LINE 18 OF main.c: syntax error near 'unsigned', expected '__asm'
*** ERROR C202 IN LINE 18 OF main.c: 'i': undefined identifier
  19   1              while(1)
  20   1              {
  21   2                      for(i=0;i<8;i++)
*** ERROR C202 IN LINE 21 OF main.c: 'i': undefined identifier
  22   2                      {
  23   3                              P2=~(0x01 << i);
*** ERROR C202 IN LINE 23 OF main.c: 'i': undefined identifier
  24   3                              delay(30);
  25   3                      }
  26   2                      
  27   2              }
  28   1      }

C51 COMPILATION COMPLETE.  0 WARNING(S),  6 ERROR(S)
