C51 COMPILER V9.54   MAIN                                                                  09/15/2022 21:41:54 PAGE 1   


C51 COMPILER V9.54, COMPILATION OF MODULE MAIN
OBJECT MODULE PLACED IN .\Objects\main.obj
COMPILER INVOKED BY: D:\soft\Keil\C51\BIN\C51.EXE main.c OPTIMIZE(8,SPEED) BROWSE DEBUG OBJECTEXTEND PRINT(.\Listings\ma
                    -in.lst) OBJECT(.\Objects\main.obj)

line level    source

   1          #include"REG51.h"
   2          
   3          void delay(unsigned int t)
   4          {
   5   1              unsigned char i=0;
   6   1              for(;t>0;t--)
   7   1              {
   8   2                      for(i=100;i>0;i--);
   9   2              }
  10   1      }
  11          
  12          void main(void)
  13          {
  14   1              unsigned char i=0;
  15   1              while(1)
  16   1              {
  17   2                      for(i=0;i<8;i++)
  18   2                      {
  19   3                              P2=~(0x01 <<i);
  20   3                              delay(300);
  21   3                      }
  22   2              }
  23   1      }


MODULE INFORMATION:   STATIC OVERLAYABLE
   CODE SIZE        =     50    ----
   CONSTANT SIZE    =   ----    ----
   XDATA SIZE       =   ----    ----
   PDATA SIZE       =   ----    ----
   DATA SIZE        =   ----    ----
   IDATA SIZE       =   ----    ----
   BIT SIZE         =   ----    ----
END OF MODULE INFORMATION.


C51 COMPILATION COMPLETE.  0 WARNING(S),  0 ERROR(S)
