C51 COMPILER V9.60.0.0   MAIN                                                              09/28/2022 17:06:42 PAGE 1   


C51 COMPILER V9.60.0.0, COMPILATION OF MODULE MAIN
OBJECT MODULE PLACED IN .\Objects\main.obj
COMPILER INVOKED BY: D:\soft\Keil5\C51\BIN\C51.EXE main.c OPTIMIZE(8,SPEED) BROWSE DEBUG OBJECTEXTEND PRINT(.\Listings\m
                    -ain.lst) OBJECT(.\Objects\main.obj)

line level    source

   1          #include"reg51.h"
   2          
   3          sbit led=P2^0;
   4          
   5          unsigned char count=0,  T=65536-123;
   6          
   7          
   8          void InitTime()
   9          {
  10   1              TMOD=0x01;//0000 0001
  11   1              TH0=(65536-T)/256 ;//256=2^8,意味着初值移动8位,65536us
  12   1              TL0=(65536-T)%256;
  13   1              ET0=1;//开启定时器的中断
  14   1              EA=1;//开启总中断
  15   1              TR0=1;//启动定时器0
  16   1              
  17   1      }
  18          
  19          
  20          void main()
  21          {
  22   1              InitTime();
  23   1              while(1);
  24   1      }
  25          
  26          
  27          void time_isr() interrupt 1
  28          {
  29   1              TH0=(65536-T)/256 ;
  30   1              TL0=(65536-T)%256;
  31   1              count++;
  32   1              if(count==60)//60次中断
  33   1              {
  34   2                      count=0;
  35   2                      led=~led;
  36   2              }
  37   1      }


MODULE INFORMATION:   STATIC OVERLAYABLE
   CODE SIZE        =    215    ----
   CONSTANT SIZE    =   ----    ----
   XDATA SIZE       =   ----    ----
   PDATA SIZE       =   ----    ----
   DATA SIZE        =      2    ----
   IDATA SIZE       =   ----    ----
   BIT SIZE         =   ----    ----
END OF MODULE INFORMATION.


C51 COMPILATION COMPLETE.  0 WARNING(S),  0 ERROR(S)
