C51 COMPILER V9.60.0.0   MAIN                                                              09/27/2022 22:36:48 PAGE 1   


C51 COMPILER V9.60.0.0, COMPILATION OF MODULE MAIN
OBJECT MODULE PLACED IN .\Objects\main.obj
COMPILER INVOKED BY: D:\soft\Keil5\C51\BIN\C51.EXE main.c OPTIMIZE(8,SPEED) BROWSE DEBUG OBJECTEXTEND PRINT(.\Listings\m
                    -ain.lst) OBJECT(.\Objects\main.obj)

line level    source

   1          #include"reg51.h"//reg寄存器，51---51单片机
   2          
   3          unsigned char s[]={0x3f,0x06,0x58,0x4f,0x66,0x6d,0x7d,0x07,0x7f,0x6f};//共阴极0至9
   4          unsigned char str[]={0x68,0x79,0x38,0x38,0x3f};//HELLO
   5          //unsigned char wei[]={0x01,0x02,0x04,0x08,0x10,0x20,0x40,0x80};
   6          unsigned char wei[]={0x00,0x01,0x02,0x03,0x04,0x05,0x06,0x07};
   7          
   8          void delay(unsigned int n)
   9          {
  10   1              unsigned int i=0,j=0;
  11   1              for(i=0;i<n;i++)
  12   1              {
  13   2                      for(j=0;j<120;j++)
  14   2                      ;
  15   2              }
  16   1      }
  17          
  18          void seg()
  19          {
  20   1              unsigned int i=0;
  21   1              for(i=0;i<5;i++)
  22   1              {
  23   2                      P3=wei[i];
  24   2                      
  25   2                      P2=str[i];
  26   2                      delay(5);//1000毫秒的延迟
  27   2                      //P2=0x3F;//0001 1111
  28   2              }
  29   1              
  30   1      }
  31          
  32          void main()
  33          {
  34   1              while(1)
  35   1              {
  36   2                      seg();
  37   2              }
  38   1      }


MODULE INFORMATION:   STATIC OVERLAYABLE
   CODE SIZE        =     77    ----
   CONSTANT SIZE    =   ----    ----
   XDATA SIZE       =   ----    ----
   PDATA SIZE       =   ----    ----
   DATA SIZE        =     23    ----
   IDATA SIZE       =   ----    ----
   BIT SIZE         =   ----    ----
END OF MODULE INFORMATION.


C51 COMPILATION COMPLETE.  0 WARNING(S),  0 ERROR(S)
