C51 COMPILER V7.06   UART                                                                  05/10/2022 10:35:22 PAGE 1   


C51 COMPILER V7.06, COMPILATION OF MODULE UART
OBJECT MODULE PLACED IN .\obj\uart.obj
COMPILER INVOKED BY: G:\KEIL C51\C51\BIN\C51.EXE uart.c BROWSE DEBUG OBJECTEXTEND PRINT(.\obj\uart.lst) OBJECT(.\obj\uar
                    -t.obj)

stmt level    source

   1          #include<reg52.h>
   2          #include"uart.h"
   3          /*------------------------------------------------
   4                              发送一个字节
   5          ------------------------------------------------*/
   6          void SendByte(unsigned char dat)
   7          {
   8   1       SBUF = dat;
   9   1       while(!TI);
  10   1            TI = 0;
  11   1      }
  12          /*------------------------------------------------
  13                              发送一个字符串
  14          ------------------------------------------------*/
  15          void SendStr(unsigned char *s)
  16          {
  17   1       while(*s!='\0')// \0 表示字符串结束标志，
  18   1                      //通过检测是否字符串末尾
  19   1        {
  20   2        SendByte(*s);
  21   2        s++;
  22   2        }
  23   1      }


MODULE INFORMATION:   STATIC OVERLAYABLE
   CODE SIZE        =     27    ----
   CONSTANT SIZE    =   ----    ----
   XDATA SIZE       =   ----    ----
   PDATA SIZE       =   ----    ----
   DATA SIZE        =   ----    ----
   IDATA SIZE       =   ----    ----
   BIT SIZE         =   ----    ----
END OF MODULE INFORMATION.


C51 COMPILATION COMPLETE.  0 WARNING(S),  0 ERROR(S)
