C51 COMPILER V9.60.0.0   MAIN                                                              10/23/2022 17:42:53 PAGE 1   


C51 COMPILER V9.60.0.0, COMPILATION OF MODULE MAIN
OBJECT MODULE PLACED IN .\Objects\main.obj
COMPILER INVOKED BY: D:\soft\Keil5\C51\BIN\C51.EXE main.c OPTIMIZE(8,SPEED) BROWSE DEBUG OBJECTEXTEND PRINT(.\Listings\m
                    -ain.lst) OBJECT(.\Objects\main.obj)

line level    source

   1          #include"reg51.h"
   2          
   3          sbit key0=P1^0;
   4          
   5          unsigned char s[]={0x3f,0x06,0x5b,0x4f,0x66,0x6d,0x7d,0x07,0x7f,0x6f};
   6          unsigned int num=0;
   7          void delay(unsigned int n)
   8          {
   9   1              unsigned int i=0,j=0;
  10   1              for(i=0;i<n;i++)
  11   1              {
  12   2                      for(j=0;j<120;j++)
  13   2                      ;
  14   2              }       
  15   1      }
  16          
  17          void key()
  18          {
  19   1              if(key0==0)
  20   1              {
  21   2                      delay(200);
  22   2                      if(key0==0)
  23   2                              num++;  
  24   2              }       
  25   1      }
  26          
  27          void seg()
  28          {
  29   1              P2=s[num];
  30   1              if(num==10)
  31   1                      num=0;
  32   1      }
  33          
  34          void main()
  35          {
  36   1              while(1)
  37   1              {
  38   2                      key();
  39   2                      seg();
  40   2              }       
  41   1      }


MODULE INFORMATION:   STATIC OVERLAYABLE
   CODE SIZE        =     83    ----
   CONSTANT SIZE    =   ----    ----
   XDATA SIZE       =   ----    ----
   PDATA SIZE       =   ----    ----
   DATA SIZE        =     12    ----
   IDATA SIZE       =   ----    ----
   BIT SIZE         =   ----    ----
END OF MODULE INFORMATION.


C51 COMPILATION COMPLETE.  0 WARNING(S),  0 ERROR(S)
